2022-07-15 13:19:47,758 django.utils.autoreload INFO     Watching for file changes with StatReloader
2022-07-15 13:20:31,977 django.utils.autoreload INFO     Watching for file changes with StatReloader
2022-07-15 13:21:44,677 django.utils.autoreload INFO     C:\Users\jason\OneDrive\Desktop\Final-Project4\EventBookings\events\urls.py changed, reloading.
2022-07-15 13:21:45,354 django.utils.autoreload INFO     Watching for file changes with StatReloader
2022-07-15 13:22:04,578 django.utils.autoreload INFO     C:\Users\jason\OneDrive\Desktop\Final-Project4\EventBookings\events\urls.py changed, reloading.
2022-07-15 13:22:05,331 django.utils.autoreload INFO     Watching for file changes with StatReloader
2022-07-15 13:22:07,829 django.utils.autoreload INFO     C:\Users\jason\OneDrive\Desktop\Final-Project4\EventBookings\events\urls.py changed, reloading.
2022-07-15 13:22:08,550 django.utils.autoreload INFO     Watching for file changes with StatReloader
2022-07-15 13:45:12,695 django.utils.autoreload INFO     Watching for file changes with StatReloader
2022-07-15 13:45:20,274 django.request ERROR    Internal Server Error: /events/
Traceback (most recent call last):
  File "C:\Users\jason\AppData\Local\Programs\Python\Python310\lib\site-packages\django\core\handlers\exception.py", line 55, in inner
    response = get_response(request)
  File "C:\Users\jason\AppData\Local\Programs\Python\Python310\lib\site-packages\django\core\handlers\base.py", line 197, in _get_response
    response = wrapped_callback(request, *callback_args, **callback_kwargs)
  File "C:\Users\jason\OneDrive\Desktop\Final-Project4\EventBookings\events\views.py", line 6, in index
    return render(req, 'events/index.html')
  File "C:\Users\jason\AppData\Local\Programs\Python\Python310\lib\site-packages\django\shortcuts.py", line 24, in render
    content = loader.render_to_string(template_name, context, request, using=using)
  File "C:\Users\jason\AppData\Local\Programs\Python\Python310\lib\site-packages\django\template\loader.py", line 62, in render_to_string
    return template.render(context, request)
  File "C:\Users\jason\AppData\Local\Programs\Python\Python310\lib\site-packages\django\template\backends\django.py", line 62, in render
    return self.template.render(context)
  File "C:\Users\jason\AppData\Local\Programs\Python\Python310\lib\site-packages\django\template\base.py", line 175, in render
    return self._render(context)
  File "C:\Users\jason\AppData\Local\Programs\Python\Python310\lib\site-packages\django\template\base.py", line 167, in _render
    return self.nodelist.render(context)
  File "C:\Users\jason\AppData\Local\Programs\Python\Python310\lib\site-packages\django\template\base.py", line 1000, in render
    return SafeString("".join([node.render_annotated(context) for node in self]))
  File "C:\Users\jason\AppData\Local\Programs\Python\Python310\lib\site-packages\django\template\base.py", line 1000, in <listcomp>
    return SafeString("".join([node.render_annotated(context) for node in self]))
  File "C:\Users\jason\AppData\Local\Programs\Python\Python310\lib\site-packages\django\template\base.py", line 958, in render_annotated
    return self.render(context)
  File "C:\Users\jason\AppData\Local\Programs\Python\Python310\lib\site-packages\django\template\loader_tags.py", line 157, in render
    return compiled_parent._render(context)
  File "C:\Users\jason\AppData\Local\Programs\Python\Python310\lib\site-packages\django\template\base.py", line 167, in _render
    return self.nodelist.render(context)
  File "C:\Users\jason\AppData\Local\Programs\Python\Python310\lib\site-packages\django\template\base.py", line 1000, in render
    return SafeString("".join([node.render_annotated(context) for node in self]))
  File "C:\Users\jason\AppData\Local\Programs\Python\Python310\lib\site-packages\django\template\base.py", line 1000, in <listcomp>
    return SafeString("".join([node.render_annotated(context) for node in self]))
  File "C:\Users\jason\AppData\Local\Programs\Python\Python310\lib\site-packages\django\template\base.py", line 958, in render_annotated
    return self.render(context)
  File "C:\Users\jason\AppData\Local\Programs\Python\Python310\lib\site-packages\django\template\defaulttags.py", line 472, in render
    url = reverse(view_name, args=args, kwargs=kwargs, current_app=current_app)
  File "C:\Users\jason\AppData\Local\Programs\Python\Python310\lib\site-packages\django\urls\base.py", line 88, in reverse
    return resolver._reverse_with_prefix(view, prefix, *args, **kwargs)
  File "C:\Users\jason\AppData\Local\Programs\Python\Python310\lib\site-packages\django\urls\resolvers.py", line 802, in _reverse_with_prefix
    raise NoReverseMatch(msg)
django.urls.exceptions.NoReverseMatch: Reverse for 'profile' not found. 'profile' is not a valid view function or pattern name.
2022-07-15 13:45:20,535 django.request WARNING  Not Found: /favicon.ico
2022-07-15 13:47:13,448 django.request ERROR    Internal Server Error: /events/
Traceback (most recent call last):
  File "C:\Users\jason\AppData\Local\Programs\Python\Python310\lib\site-packages\django\core\handlers\exception.py", line 55, in inner
    response = get_response(request)
  File "C:\Users\jason\AppData\Local\Programs\Python\Python310\lib\site-packages\django\core\handlers\base.py", line 197, in _get_response
    response = wrapped_callback(request, *callback_args, **callback_kwargs)
  File "C:\Users\jason\OneDrive\Desktop\Final-Project4\EventBookings\events\views.py", line 6, in index
    return render(req, 'events/index.html')
  File "C:\Users\jason\AppData\Local\Programs\Python\Python310\lib\site-packages\django\shortcuts.py", line 24, in render
    content = loader.render_to_string(template_name, context, request, using=using)
  File "C:\Users\jason\AppData\Local\Programs\Python\Python310\lib\site-packages\django\template\loader.py", line 62, in render_to_string
    return template.render(context, request)
  File "C:\Users\jason\AppData\Local\Programs\Python\Python310\lib\site-packages\django\template\backends\django.py", line 62, in render
    return self.template.render(context)
  File "C:\Users\jason\AppData\Local\Programs\Python\Python310\lib\site-packages\django\template\base.py", line 175, in render
    return self._render(context)
  File "C:\Users\jason\AppData\Local\Programs\Python\Python310\lib\site-packages\django\template\base.py", line 167, in _render
    return self.nodelist.render(context)
  File "C:\Users\jason\AppData\Local\Programs\Python\Python310\lib\site-packages\django\template\base.py", line 1000, in render
    return SafeString("".join([node.render_annotated(context) for node in self]))
  File "C:\Users\jason\AppData\Local\Programs\Python\Python310\lib\site-packages\django\template\base.py", line 1000, in <listcomp>
    return SafeString("".join([node.render_annotated(context) for node in self]))
  File "C:\Users\jason\AppData\Local\Programs\Python\Python310\lib\site-packages\django\template\base.py", line 958, in render_annotated
    return self.render(context)
  File "C:\Users\jason\AppData\Local\Programs\Python\Python310\lib\site-packages\django\template\loader_tags.py", line 157, in render
    return compiled_parent._render(context)
  File "C:\Users\jason\AppData\Local\Programs\Python\Python310\lib\site-packages\django\template\base.py", line 167, in _render
    return self.nodelist.render(context)
  File "C:\Users\jason\AppData\Local\Programs\Python\Python310\lib\site-packages\django\template\base.py", line 1000, in render
    return SafeString("".join([node.render_annotated(context) for node in self]))
  File "C:\Users\jason\AppData\Local\Programs\Python\Python310\lib\site-packages\django\template\base.py", line 1000, in <listcomp>
    return SafeString("".join([node.render_annotated(context) for node in self]))
  File "C:\Users\jason\AppData\Local\Programs\Python\Python310\lib\site-packages\django\template\base.py", line 958, in render_annotated
    return self.render(context)
  File "C:\Users\jason\AppData\Local\Programs\Python\Python310\lib\site-packages\django\template\defaulttags.py", line 472, in render
    url = reverse(view_name, args=args, kwargs=kwargs, current_app=current_app)
  File "C:\Users\jason\AppData\Local\Programs\Python\Python310\lib\site-packages\django\urls\base.py", line 88, in reverse
    return resolver._reverse_with_prefix(view, prefix, *args, **kwargs)
  File "C:\Users\jason\AppData\Local\Programs\Python\Python310\lib\site-packages\django\urls\resolvers.py", line 802, in _reverse_with_prefix
    raise NoReverseMatch(msg)
django.urls.exceptions.NoReverseMatch: Reverse for 'profile' not found. 'profile' is not a valid view function or pattern name.
2022-07-15 13:48:26,803 django.utils.autoreload INFO     C:\Users\jason\OneDrive\Desktop\Final-Project4\EventBookings\events\urls.py changed, reloading.
2022-07-15 13:48:27,699 django.utils.autoreload INFO     Watching for file changes with StatReloader
2022-07-15 13:49:59,754 django.utils.autoreload INFO     C:\Users\jason\OneDrive\Desktop\Final-Project4\EventBookings\events\views.py changed, reloading.
2022-07-15 13:50:00,435 django.utils.autoreload INFO     Watching for file changes with StatReloader
2022-07-15 13:50:15,474 django.utils.autoreload INFO     C:\Users\jason\OneDrive\Desktop\Final-Project4\EventBookings\events\urls.py changed, reloading.
2022-07-15 13:50:16,159 django.utils.autoreload INFO     Watching for file changes with StatReloader
2022-07-15 13:50:18,184 django.request ERROR    Internal Server Error: /events/
Traceback (most recent call last):
  File "C:\Users\jason\AppData\Local\Programs\Python\Python310\lib\site-packages\django\core\handlers\exception.py", line 55, in inner
    response = get_response(request)
  File "C:\Users\jason\AppData\Local\Programs\Python\Python310\lib\site-packages\django\core\handlers\base.py", line 197, in _get_response
    response = wrapped_callback(request, *callback_args, **callback_kwargs)
  File "C:\Users\jason\OneDrive\Desktop\Final-Project4\EventBookings\events\views.py", line 6, in index
    return render(req, 'events/index.html')
  File "C:\Users\jason\AppData\Local\Programs\Python\Python310\lib\site-packages\django\shortcuts.py", line 24, in render
    content = loader.render_to_string(template_name, context, request, using=using)
  File "C:\Users\jason\AppData\Local\Programs\Python\Python310\lib\site-packages\django\template\loader.py", line 62, in render_to_string
    return template.render(context, request)
  File "C:\Users\jason\AppData\Local\Programs\Python\Python310\lib\site-packages\django\template\backends\django.py", line 62, in render
    return self.template.render(context)
  File "C:\Users\jason\AppData\Local\Programs\Python\Python310\lib\site-packages\django\template\base.py", line 175, in render
    return self._render(context)
  File "C:\Users\jason\AppData\Local\Programs\Python\Python310\lib\site-packages\django\template\base.py", line 167, in _render
    return self.nodelist.render(context)
  File "C:\Users\jason\AppData\Local\Programs\Python\Python310\lib\site-packages\django\template\base.py", line 1000, in render
    return SafeString("".join([node.render_annotated(context) for node in self]))
  File "C:\Users\jason\AppData\Local\Programs\Python\Python310\lib\site-packages\django\template\base.py", line 1000, in <listcomp>
    return SafeString("".join([node.render_annotated(context) for node in self]))
  File "C:\Users\jason\AppData\Local\Programs\Python\Python310\lib\site-packages\django\template\base.py", line 958, in render_annotated
    return self.render(context)
  File "C:\Users\jason\AppData\Local\Programs\Python\Python310\lib\site-packages\django\template\loader_tags.py", line 157, in render
    return compiled_parent._render(context)
  File "C:\Users\jason\AppData\Local\Programs\Python\Python310\lib\site-packages\django\template\base.py", line 167, in _render
    return self.nodelist.render(context)
  File "C:\Users\jason\AppData\Local\Programs\Python\Python310\lib\site-packages\django\template\base.py", line 1000, in render
    return SafeString("".join([node.render_annotated(context) for node in self]))
  File "C:\Users\jason\AppData\Local\Programs\Python\Python310\lib\site-packages\django\template\base.py", line 1000, in <listcomp>
    return SafeString("".join([node.render_annotated(context) for node in self]))
  File "C:\Users\jason\AppData\Local\Programs\Python\Python310\lib\site-packages\django\template\base.py", line 958, in render_annotated
    return self.render(context)
  File "C:\Users\jason\AppData\Local\Programs\Python\Python310\lib\site-packages\django\template\defaulttags.py", line 472, in render
    url = reverse(view_name, args=args, kwargs=kwargs, current_app=current_app)
  File "C:\Users\jason\AppData\Local\Programs\Python\Python310\lib\site-packages\django\urls\base.py", line 88, in reverse
    return resolver._reverse_with_prefix(view, prefix, *args, **kwargs)
  File "C:\Users\jason\AppData\Local\Programs\Python\Python310\lib\site-packages\django\urls\resolvers.py", line 802, in _reverse_with_prefix
    raise NoReverseMatch(msg)
django.urls.exceptions.NoReverseMatch: Reverse for 'logout' not found. 'logout' is not a valid view function or pattern name.
2022-07-15 13:50:44,694 django.utils.autoreload INFO     C:\Users\jason\OneDrive\Desktop\Final-Project4\EventBookings\events\urls.py changed, reloading.
2022-07-15 13:50:45,378 django.utils.autoreload INFO     Watching for file changes with StatReloader
2022-07-15 13:50:47,110 django.request ERROR    Internal Server Error: /events/
Traceback (most recent call last):
  File "C:\Users\jason\AppData\Local\Programs\Python\Python310\lib\site-packages\django\core\handlers\exception.py", line 55, in inner
    response = get_response(request)
  File "C:\Users\jason\AppData\Local\Programs\Python\Python310\lib\site-packages\django\core\handlers\base.py", line 197, in _get_response
    response = wrapped_callback(request, *callback_args, **callback_kwargs)
  File "C:\Users\jason\OneDrive\Desktop\Final-Project4\EventBookings\events\views.py", line 6, in index
    return render(req, 'events/index.html')
  File "C:\Users\jason\AppData\Local\Programs\Python\Python310\lib\site-packages\django\shortcuts.py", line 24, in render
    content = loader.render_to_string(template_name, context, request, using=using)
  File "C:\Users\jason\AppData\Local\Programs\Python\Python310\lib\site-packages\django\template\loader.py", line 62, in render_to_string
    return template.render(context, request)
  File "C:\Users\jason\AppData\Local\Programs\Python\Python310\lib\site-packages\django\template\backends\django.py", line 62, in render
    return self.template.render(context)
  File "C:\Users\jason\AppData\Local\Programs\Python\Python310\lib\site-packages\django\template\base.py", line 175, in render
    return self._render(context)
  File "C:\Users\jason\AppData\Local\Programs\Python\Python310\lib\site-packages\django\template\base.py", line 167, in _render
    return self.nodelist.render(context)
  File "C:\Users\jason\AppData\Local\Programs\Python\Python310\lib\site-packages\django\template\base.py", line 1000, in render
    return SafeString("".join([node.render_annotated(context) for node in self]))
  File "C:\Users\jason\AppData\Local\Programs\Python\Python310\lib\site-packages\django\template\base.py", line 1000, in <listcomp>
    return SafeString("".join([node.render_annotated(context) for node in self]))
  File "C:\Users\jason\AppData\Local\Programs\Python\Python310\lib\site-packages\django\template\base.py", line 958, in render_annotated
    return self.render(context)
  File "C:\Users\jason\AppData\Local\Programs\Python\Python310\lib\site-packages\django\template\loader_tags.py", line 157, in render
    return compiled_parent._render(context)
  File "C:\Users\jason\AppData\Local\Programs\Python\Python310\lib\site-packages\django\template\base.py", line 167, in _render
    return self.nodelist.render(context)
  File "C:\Users\jason\AppData\Local\Programs\Python\Python310\lib\site-packages\django\template\base.py", line 1000, in render
    return SafeString("".join([node.render_annotated(context) for node in self]))
  File "C:\Users\jason\AppData\Local\Programs\Python\Python310\lib\site-packages\django\template\base.py", line 1000, in <listcomp>
    return SafeString("".join([node.render_annotated(context) for node in self]))
  File "C:\Users\jason\AppData\Local\Programs\Python\Python310\lib\site-packages\django\template\base.py", line 958, in render_annotated
    return self.render(context)
  File "C:\Users\jason\AppData\Local\Programs\Python\Python310\lib\site-packages\django\template\defaulttags.py", line 472, in render
    url = reverse(view_name, args=args, kwargs=kwargs, current_app=current_app)
  File "C:\Users\jason\AppData\Local\Programs\Python\Python310\lib\site-packages\django\urls\base.py", line 88, in reverse
    return resolver._reverse_with_prefix(view, prefix, *args, **kwargs)
  File "C:\Users\jason\AppData\Local\Programs\Python\Python310\lib\site-packages\django\urls\resolvers.py", line 802, in _reverse_with_prefix
    raise NoReverseMatch(msg)
django.urls.exceptions.NoReverseMatch: Reverse for 'logout' not found. 'logout' is not a valid view function or pattern name.
2022-07-15 13:50:59,116 django.utils.autoreload INFO     C:\Users\jason\OneDrive\Desktop\Final-Project4\EventBookings\events\urls.py changed, reloading.
2022-07-15 13:50:59,908 django.utils.autoreload INFO     Watching for file changes with StatReloader
2022-07-15 13:51:10,993 django.request ERROR    Internal Server Error: /events/logout/
Traceback (most recent call last):
  File "C:\Users\jason\AppData\Local\Programs\Python\Python310\lib\site-packages\django\core\handlers\exception.py", line 55, in inner
    response = get_response(request)
  File "C:\Users\jason\AppData\Local\Programs\Python\Python310\lib\site-packages\django\core\handlers\base.py", line 204, in _get_response
    self.check_response(response, callback)
  File "C:\Users\jason\AppData\Local\Programs\Python\Python310\lib\site-packages\django\core\handlers\base.py", line 332, in check_response
    raise ValueError(
ValueError: The view events.views.logout_view didn't return an HttpResponse object. It returned None instead.
2022-07-15 13:53:32,854 django.request ERROR    Internal Server Error: /events/logout/
Traceback (most recent call last):
  File "C:\Users\jason\AppData\Local\Programs\Python\Python310\lib\site-packages\django\core\handlers\exception.py", line 55, in inner
    response = get_response(request)
  File "C:\Users\jason\AppData\Local\Programs\Python\Python310\lib\site-packages\django\core\handlers\base.py", line 204, in _get_response
    self.check_response(response, callback)
  File "C:\Users\jason\AppData\Local\Programs\Python\Python310\lib\site-packages\django\core\handlers\base.py", line 332, in check_response
    raise ValueError(
ValueError: The view events.views.logout_view didn't return an HttpResponse object. It returned None instead.
2022-07-15 14:04:04,532 django.request ERROR    Internal Server Error: /events/logout/
Traceback (most recent call last):
  File "C:\Users\jason\AppData\Local\Programs\Python\Python310\lib\site-packages\django\core\handlers\exception.py", line 55, in inner
    response = get_response(request)
  File "C:\Users\jason\AppData\Local\Programs\Python\Python310\lib\site-packages\django\core\handlers\base.py", line 204, in _get_response
    self.check_response(response, callback)
  File "C:\Users\jason\AppData\Local\Programs\Python\Python310\lib\site-packages\django\core\handlers\base.py", line 332, in check_response
    raise ValueError(
ValueError: The view events.views.logout_view didn't return an HttpResponse object. It returned None instead.
2022-07-15 14:11:13,951 django.utils.autoreload INFO     Watching for file changes with StatReloader
2022-07-15 14:11:26,260 django.request ERROR    Internal Server Error: /admin/login/
Traceback (most recent call last):
  File "C:\Users\jason\AppData\Local\Programs\Python\Python310\lib\site-packages\django\core\handlers\exception.py", line 55, in inner
    response = get_response(request)
  File "C:\Users\jason\AppData\Local\Programs\Python\Python310\lib\site-packages\django\core\handlers\base.py", line 197, in _get_response
    response = wrapped_callback(request, *callback_args, **callback_kwargs)
  File "C:\Users\jason\AppData\Local\Programs\Python\Python310\lib\site-packages\django\utils\decorators.py", line 46, in _wrapper
    return bound_method(*args, **kwargs)
  File "C:\Users\jason\AppData\Local\Programs\Python\Python310\lib\site-packages\django\views\decorators\cache.py", line 62, in _wrapped_view_func
    response = view_func(request, *args, **kwargs)
  File "C:\Users\jason\AppData\Local\Programs\Python\Python310\lib\site-packages\django\contrib\admin\sites.py", line 440, in login
    return LoginView.as_view(**defaults)(request)
  File "C:\Users\jason\AppData\Local\Programs\Python\Python310\lib\site-packages\django\views\generic\base.py", line 84, in view
    return self.dispatch(request, *args, **kwargs)
  File "C:\Users\jason\AppData\Local\Programs\Python\Python310\lib\site-packages\django\utils\decorators.py", line 46, in _wrapper
    return bound_method(*args, **kwargs)
  File "C:\Users\jason\AppData\Local\Programs\Python\Python310\lib\site-packages\django\views\decorators\debug.py", line 92, in sensitive_post_parameters_wrapper
    return view(request, *args, **kwargs)
  File "C:\Users\jason\AppData\Local\Programs\Python\Python310\lib\site-packages\django\utils\decorators.py", line 46, in _wrapper
    return bound_method(*args, **kwargs)
  File "C:\Users\jason\AppData\Local\Programs\Python\Python310\lib\site-packages\django\utils\decorators.py", line 133, in _wrapped_view
    response = view_func(request, *args, **kwargs)
  File "C:\Users\jason\AppData\Local\Programs\Python\Python310\lib\site-packages\django\utils\decorators.py", line 46, in _wrapper
    return bound_method(*args, **kwargs)
  File "C:\Users\jason\AppData\Local\Programs\Python\Python310\lib\site-packages\django\views\decorators\cache.py", line 62, in _wrapped_view_func
    response = view_func(request, *args, **kwargs)
  File "C:\Users\jason\AppData\Local\Programs\Python\Python310\lib\site-packages\django\contrib\auth\views.py", line 67, in dispatch
    return super().dispatch(request, *args, **kwargs)
  File "C:\Users\jason\AppData\Local\Programs\Python\Python310\lib\site-packages\django\views\generic\base.py", line 119, in dispatch
    return handler(request, *args, **kwargs)
  File "C:\Users\jason\AppData\Local\Programs\Python\Python310\lib\site-packages\django\views\generic\edit.py", line 153, in post
    return self.form_valid(form)
  File "C:\Users\jason\AppData\Local\Programs\Python\Python310\lib\site-packages\django\contrib\auth\views.py", line 98, in form_valid
    auth_login(self.request, form.get_user())
  File "C:\Users\jason\AppData\Local\Programs\Python\Python310\lib\site-packages\django\contrib\auth\__init__.py", line 144, in login
    user_logged_in.send(sender=user.__class__, request=request, user=user)
  File "C:\Users\jason\AppData\Local\Programs\Python\Python310\lib\site-packages\django\dispatch\dispatcher.py", line 176, in send
    return [
  File "C:\Users\jason\AppData\Local\Programs\Python\Python310\lib\site-packages\django\dispatch\dispatcher.py", line 177, in <listcomp>
    (receiver, receiver(signal=self, sender=sender, **named))
  File "C:\Users\jason\AppData\Local\Programs\Python\Python310\lib\site-packages\django\contrib\auth\models.py", line 22, in update_last_login
    user.save(update_fields=["last_login"])
  File "C:\Users\jason\AppData\Local\Programs\Python\Python310\lib\site-packages\django\contrib\auth\base_user.py", line 68, in save
    super().save(*args, **kwargs)
  File "C:\Users\jason\AppData\Local\Programs\Python\Python310\lib\site-packages\django\db\models\base.py", line 806, in save
    self.save_base(
  File "C:\Users\jason\AppData\Local\Programs\Python\Python310\lib\site-packages\django\db\models\base.py", line 872, in save_base
    post_save.send(
  File "C:\Users\jason\AppData\Local\Programs\Python\Python310\lib\site-packages\django\dispatch\dispatcher.py", line 176, in send
    return [
  File "C:\Users\jason\AppData\Local\Programs\Python\Python310\lib\site-packages\django\dispatch\dispatcher.py", line 177, in <listcomp>
    (receiver, receiver(signal=self, sender=sender, **named))
  File "C:\Users\jason\OneDrive\Desktop\Final-Project4\EventBookings\events\models.py", line 65, in save_user_profile
    instance.profile.save()
  File "C:\Users\jason\AppData\Local\Programs\Python\Python310\lib\site-packages\django\db\models\fields\related_descriptors.py", line 461, in __get__
    raise self.RelatedObjectDoesNotExist(
django.contrib.auth.models.User.profile.RelatedObjectDoesNotExist: User has no profile.
2022-07-15 14:14:02,146 django.utils.autoreload INFO     Watching for file changes with StatReloader
2022-07-15 14:14:45,063 django.utils.autoreload INFO     Watching for file changes with StatReloader
2022-07-15 14:14:51,835 django.request ERROR    Internal Server Error: /admin/login/
Traceback (most recent call last):
  File "C:\Users\jason\AppData\Local\Programs\Python\Python310\lib\site-packages\django\core\handlers\exception.py", line 55, in inner
    response = get_response(request)
  File "C:\Users\jason\AppData\Local\Programs\Python\Python310\lib\site-packages\django\core\handlers\base.py", line 197, in _get_response
    response = wrapped_callback(request, *callback_args, **callback_kwargs)
  File "C:\Users\jason\AppData\Local\Programs\Python\Python310\lib\site-packages\django\utils\decorators.py", line 46, in _wrapper
    return bound_method(*args, **kwargs)
  File "C:\Users\jason\AppData\Local\Programs\Python\Python310\lib\site-packages\django\views\decorators\cache.py", line 62, in _wrapped_view_func
    response = view_func(request, *args, **kwargs)
  File "C:\Users\jason\AppData\Local\Programs\Python\Python310\lib\site-packages\django\contrib\admin\sites.py", line 440, in login
    return LoginView.as_view(**defaults)(request)
  File "C:\Users\jason\AppData\Local\Programs\Python\Python310\lib\site-packages\django\views\generic\base.py", line 84, in view
    return self.dispatch(request, *args, **kwargs)
  File "C:\Users\jason\AppData\Local\Programs\Python\Python310\lib\site-packages\django\utils\decorators.py", line 46, in _wrapper
    return bound_method(*args, **kwargs)
  File "C:\Users\jason\AppData\Local\Programs\Python\Python310\lib\site-packages\django\views\decorators\debug.py", line 92, in sensitive_post_parameters_wrapper
    return view(request, *args, **kwargs)
  File "C:\Users\jason\AppData\Local\Programs\Python\Python310\lib\site-packages\django\utils\decorators.py", line 46, in _wrapper
    return bound_method(*args, **kwargs)
  File "C:\Users\jason\AppData\Local\Programs\Python\Python310\lib\site-packages\django\utils\decorators.py", line 133, in _wrapped_view
    response = view_func(request, *args, **kwargs)
  File "C:\Users\jason\AppData\Local\Programs\Python\Python310\lib\site-packages\django\utils\decorators.py", line 46, in _wrapper
    return bound_method(*args, **kwargs)
  File "C:\Users\jason\AppData\Local\Programs\Python\Python310\lib\site-packages\django\views\decorators\cache.py", line 62, in _wrapped_view_func
    response = view_func(request, *args, **kwargs)
  File "C:\Users\jason\AppData\Local\Programs\Python\Python310\lib\site-packages\django\contrib\auth\views.py", line 67, in dispatch
    return super().dispatch(request, *args, **kwargs)
  File "C:\Users\jason\AppData\Local\Programs\Python\Python310\lib\site-packages\django\views\generic\base.py", line 119, in dispatch
    return handler(request, *args, **kwargs)
  File "C:\Users\jason\AppData\Local\Programs\Python\Python310\lib\site-packages\django\views\generic\edit.py", line 153, in post
    return self.form_valid(form)
  File "C:\Users\jason\AppData\Local\Programs\Python\Python310\lib\site-packages\django\contrib\auth\views.py", line 98, in form_valid
    auth_login(self.request, form.get_user())
  File "C:\Users\jason\AppData\Local\Programs\Python\Python310\lib\site-packages\django\contrib\auth\__init__.py", line 144, in login
    user_logged_in.send(sender=user.__class__, request=request, user=user)
  File "C:\Users\jason\AppData\Local\Programs\Python\Python310\lib\site-packages\django\dispatch\dispatcher.py", line 176, in send
    return [
  File "C:\Users\jason\AppData\Local\Programs\Python\Python310\lib\site-packages\django\dispatch\dispatcher.py", line 177, in <listcomp>
    (receiver, receiver(signal=self, sender=sender, **named))
  File "C:\Users\jason\AppData\Local\Programs\Python\Python310\lib\site-packages\django\contrib\auth\models.py", line 22, in update_last_login
    user.save(update_fields=["last_login"])
  File "C:\Users\jason\AppData\Local\Programs\Python\Python310\lib\site-packages\django\contrib\auth\base_user.py", line 68, in save
    super().save(*args, **kwargs)
  File "C:\Users\jason\AppData\Local\Programs\Python\Python310\lib\site-packages\django\db\models\base.py", line 806, in save
    self.save_base(
  File "C:\Users\jason\AppData\Local\Programs\Python\Python310\lib\site-packages\django\db\models\base.py", line 872, in save_base
    post_save.send(
  File "C:\Users\jason\AppData\Local\Programs\Python\Python310\lib\site-packages\django\dispatch\dispatcher.py", line 176, in send
    return [
  File "C:\Users\jason\AppData\Local\Programs\Python\Python310\lib\site-packages\django\dispatch\dispatcher.py", line 177, in <listcomp>
    (receiver, receiver(signal=self, sender=sender, **named))
  File "C:\Users\jason\OneDrive\Desktop\Final-Project4\EventBookings\events\models.py", line 65, in save_user_profile
    instance.profile.save()
  File "C:\Users\jason\AppData\Local\Programs\Python\Python310\lib\site-packages\django\db\models\fields\related_descriptors.py", line 461, in __get__
    raise self.RelatedObjectDoesNotExist(
django.contrib.auth.models.User.profile.RelatedObjectDoesNotExist: User has no profile.
2022-07-15 14:15:57,186 django.utils.autoreload INFO     Watching for file changes with StatReloader
2022-07-15 14:19:02,349 django.utils.autoreload INFO     Watching for file changes with StatReloader
2022-07-15 14:19:10,156 django.request ERROR    Internal Server Error: /admin/login/
Traceback (most recent call last):
  File "C:\Users\jason\AppData\Local\Programs\Python\Python310\lib\site-packages\django\core\handlers\exception.py", line 55, in inner
    response = get_response(request)
  File "C:\Users\jason\AppData\Local\Programs\Python\Python310\lib\site-packages\django\core\handlers\base.py", line 197, in _get_response
    response = wrapped_callback(request, *callback_args, **callback_kwargs)
  File "C:\Users\jason\AppData\Local\Programs\Python\Python310\lib\site-packages\django\utils\decorators.py", line 46, in _wrapper
    return bound_method(*args, **kwargs)
  File "C:\Users\jason\AppData\Local\Programs\Python\Python310\lib\site-packages\django\views\decorators\cache.py", line 62, in _wrapped_view_func
    response = view_func(request, *args, **kwargs)
  File "C:\Users\jason\AppData\Local\Programs\Python\Python310\lib\site-packages\django\contrib\admin\sites.py", line 440, in login
    return LoginView.as_view(**defaults)(request)
  File "C:\Users\jason\AppData\Local\Programs\Python\Python310\lib\site-packages\django\views\generic\base.py", line 84, in view
    return self.dispatch(request, *args, **kwargs)
  File "C:\Users\jason\AppData\Local\Programs\Python\Python310\lib\site-packages\django\utils\decorators.py", line 46, in _wrapper
    return bound_method(*args, **kwargs)
  File "C:\Users\jason\AppData\Local\Programs\Python\Python310\lib\site-packages\django\views\decorators\debug.py", line 92, in sensitive_post_parameters_wrapper
    return view(request, *args, **kwargs)
  File "C:\Users\jason\AppData\Local\Programs\Python\Python310\lib\site-packages\django\utils\decorators.py", line 46, in _wrapper
    return bound_method(*args, **kwargs)
  File "C:\Users\jason\AppData\Local\Programs\Python\Python310\lib\site-packages\django\utils\decorators.py", line 133, in _wrapped_view
    response = view_func(request, *args, **kwargs)
  File "C:\Users\jason\AppData\Local\Programs\Python\Python310\lib\site-packages\django\utils\decorators.py", line 46, in _wrapper
    return bound_method(*args, **kwargs)
  File "C:\Users\jason\AppData\Local\Programs\Python\Python310\lib\site-packages\django\views\decorators\cache.py", line 62, in _wrapped_view_func
    response = view_func(request, *args, **kwargs)
  File "C:\Users\jason\AppData\Local\Programs\Python\Python310\lib\site-packages\django\contrib\auth\views.py", line 67, in dispatch
    return super().dispatch(request, *args, **kwargs)
  File "C:\Users\jason\AppData\Local\Programs\Python\Python310\lib\site-packages\django\views\generic\base.py", line 119, in dispatch
    return handler(request, *args, **kwargs)
  File "C:\Users\jason\AppData\Local\Programs\Python\Python310\lib\site-packages\django\views\generic\edit.py", line 153, in post
    return self.form_valid(form)
  File "C:\Users\jason\AppData\Local\Programs\Python\Python310\lib\site-packages\django\contrib\auth\views.py", line 98, in form_valid
    auth_login(self.request, form.get_user())
  File "C:\Users\jason\AppData\Local\Programs\Python\Python310\lib\site-packages\django\contrib\auth\__init__.py", line 144, in login
    user_logged_in.send(sender=user.__class__, request=request, user=user)
  File "C:\Users\jason\AppData\Local\Programs\Python\Python310\lib\site-packages\django\dispatch\dispatcher.py", line 176, in send
    return [
  File "C:\Users\jason\AppData\Local\Programs\Python\Python310\lib\site-packages\django\dispatch\dispatcher.py", line 177, in <listcomp>
    (receiver, receiver(signal=self, sender=sender, **named))
  File "C:\Users\jason\AppData\Local\Programs\Python\Python310\lib\site-packages\django\contrib\auth\models.py", line 22, in update_last_login
    user.save(update_fields=["last_login"])
  File "C:\Users\jason\AppData\Local\Programs\Python\Python310\lib\site-packages\django\contrib\auth\base_user.py", line 68, in save
    super().save(*args, **kwargs)
  File "C:\Users\jason\AppData\Local\Programs\Python\Python310\lib\site-packages\django\db\models\base.py", line 806, in save
    self.save_base(
  File "C:\Users\jason\AppData\Local\Programs\Python\Python310\lib\site-packages\django\db\models\base.py", line 872, in save_base
    post_save.send(
  File "C:\Users\jason\AppData\Local\Programs\Python\Python310\lib\site-packages\django\dispatch\dispatcher.py", line 176, in send
    return [
  File "C:\Users\jason\AppData\Local\Programs\Python\Python310\lib\site-packages\django\dispatch\dispatcher.py", line 177, in <listcomp>
    (receiver, receiver(signal=self, sender=sender, **named))
  File "C:\Users\jason\OneDrive\Desktop\Final-Project4\EventBookings\events\models.py", line 65, in save_user_profile
    instance.profile.save()
  File "C:\Users\jason\AppData\Local\Programs\Python\Python310\lib\site-packages\django\db\models\fields\related_descriptors.py", line 461, in __get__
    raise self.RelatedObjectDoesNotExist(
django.contrib.auth.models.User.profile.RelatedObjectDoesNotExist: User has no profile.
2022-07-15 14:19:52,586 django.utils.autoreload INFO     Watching for file changes with StatReloader
2022-07-15 14:19:59,304 django.request WARNING  Not Found: /admin/l
2022-07-15 15:26:40,114 django.utils.autoreload INFO     Watching for file changes with StatReloader
2022-07-15 15:30:34,988 django.utils.autoreload INFO     Watching for file changes with StatReloader
2022-07-15 15:31:28,303 django.utils.autoreload INFO     C:\Users\jason\OneDrive\Desktop\Final-Project4\EventBookings\events\forms.py changed, reloading.
2022-07-15 15:31:29,061 django.utils.autoreload INFO     Watching for file changes with StatReloader
2022-07-15 15:32:37,600 django.utils.autoreload INFO     C:\Users\jason\OneDrive\Desktop\Final-Project4\EventBookings\events\forms.py changed, reloading.
2022-07-15 15:32:38,350 django.utils.autoreload INFO     Watching for file changes with StatReloader
2022-07-15 15:35:04,061 django.utils.autoreload INFO     Watching for file changes with StatReloader
2022-07-15 15:38:33,654 django.utils.autoreload INFO     Watching for file changes with StatReloader
2022-07-15 15:53:09,653 django.utils.autoreload INFO     C:\Users\jason\OneDrive\Desktop\Final-Project4\EventBookings\events\views.py changed, reloading.
2022-07-15 15:53:10,494 django.utils.autoreload INFO     Watching for file changes with StatReloader
2022-07-15 15:53:43,244 events.views INFO     Logout initiated
2022-07-15 15:53:43,268 events.views INFO     Logged out succesfully
2022-07-15 15:53:43,270 events.views INFO     Redirecting to main page
2022-07-15 15:54:19,273 events.views INFO     Logout initiated
2022-07-15 15:54:19,274 events.views INFO     Logged out succesfully
2022-07-15 15:54:19,274 events.views INFO     Redirecting to main page
2022-07-15 15:56:18,801 django.utils.autoreload INFO     C:\Users\jason\OneDrive\Desktop\Final-Project4\EventBookings\events\views.py changed, reloading.
2022-07-15 15:56:19,561 django.utils.autoreload INFO     Watching for file changes with StatReloader
2022-07-15 15:56:45,972 django.utils.autoreload INFO     C:\Users\jason\OneDrive\Desktop\Final-Project4\EventBookings\events\views.py changed, reloading.
2022-07-15 15:56:46,651 django.utils.autoreload INFO     Watching for file changes with StatReloader
2022-07-15 15:57:13,778 django.utils.autoreload INFO     C:\Users\jason\OneDrive\Desktop\Final-Project4\EventBookings\events\views.py changed, reloading.
2022-07-15 15:57:14,456 django.utils.autoreload INFO     Watching for file changes with StatReloader
2022-07-15 15:57:50,016 django.utils.autoreload INFO     C:\Users\jason\OneDrive\Desktop\Final-Project4\EventBookings\events\views.py changed, reloading.
2022-07-15 15:57:50,692 django.utils.autoreload INFO     Watching for file changes with StatReloader
2022-07-15 15:58:27,469 django.utils.autoreload INFO     C:\Users\jason\OneDrive\Desktop\Final-Project4\EventBookings\events\views.py changed, reloading.
2022-07-15 15:58:28,163 django.utils.autoreload INFO     Watching for file changes with StatReloader
2022-07-15 15:59:49,334 django.utils.autoreload INFO     C:\Users\jason\OneDrive\Desktop\Final-Project4\EventBookings\events\views.py changed, reloading.
2022-07-15 15:59:50,037 django.utils.autoreload INFO     Watching for file changes with StatReloader
2022-07-15 16:00:07,665 django.utils.autoreload INFO     C:\Users\jason\OneDrive\Desktop\Final-Project4\EventBookings\events\views.py changed, reloading.
2022-07-15 16:00:08,370 django.utils.autoreload INFO     Watching for file changes with StatReloader
2022-07-15 16:01:12,700 django.utils.autoreload INFO     C:\Users\jason\OneDrive\Desktop\Final-Project4\EventBookings\events\views.py changed, reloading.
2022-07-15 16:01:13,356 django.utils.autoreload INFO     Watching for file changes with StatReloader
2022-07-15 16:02:17,051 events.views INFO     Loading register.html
2022-07-15 16:02:58,221 events.views INFO     Loading register.html
2022-07-15 16:02:58,222 events.views INFO     Received POST request: <QueryDict: {'csrfmiddlewaretoken': ['MtDSNH77aPLEcebEAmVV0uFUYt5rQYnuLzQkeeKjjaOjsV0bNkSBt5ZNKB5WcZfU'], 'first_name': ['Spiros'], 'last_name': ['Gatsoulis'], 'username': ['Spiros123'], 'password1': ['Jason_2002'], 'password2': ['Jason_2002']}>
2022-07-15 16:02:58,456 events.views INFO     Registration successful
2022-07-15 16:02:58,456 events.views INFO     Redirecting to profile page
2022-07-15 16:03:12,958 events.views INFO     Logout initiated
2022-07-15 16:03:12,976 events.views INFO     Logged out succesfully
2022-07-15 16:03:12,976 events.views INFO     Redirecting to main page
2022-07-15 16:03:21,877 events.views INFO     Loading login.html
2022-07-15 16:03:31,909 events.views INFO     Loading login.html
2022-07-15 16:03:31,910 events.views INFO     Received POST request: <QueryDict: {'csrfmiddlewaretoken': ['cV8zbV4tI9jPCxtubaTHnmIHXZkU6q8nAvPFP3qknxyVAhcaUcnLaJjiws6tYRI4'], 'username': ['Spiros123'], 'password': ['asdfa']}>
2022-07-15 16:03:32,099 events.views ERROR    Unsuccessful registration. Invalid information.
2022-07-15 16:03:51,202 events.views INFO     Loading login.html
2022-07-15 16:03:51,204 events.views INFO     Received POST request: <QueryDict: {'csrfmiddlewaretoken': ['2WnV0x6lOiu7ndhJrFegmN84Qob4GWeuqw41EFsctGJdlX0paHIk9aJFpRXDynOb'], 'username': ['Spiros123'], 'password': ['Jason_2002']}>
2022-07-15 16:03:51,406 events.views INFO     Login successful
2022-07-15 16:03:51,407 events.views INFO     Redirecting to profile page
2022-07-15 16:04:13,274 events.views INFO     Loading login.html
2022-07-15 16:04:50,425 events.views INFO     Loading login.html
2022-07-15 16:04:51,993 events.views INFO     Loading login.html
2022-07-15 16:04:54,521 events.views INFO     Loading login.html
2022-07-15 16:04:54,522 events.views INFO     Received POST request: <QueryDict: {'csrfmiddlewaretoken': ['xlikvgDYMRLUjHe6U1areUoYgbHR8aLqR22VDaFElTJgBuGyQkDDajJquSwZl5ch'], 'username': ['afd'], 'password': ['ads']}>
2022-07-15 16:04:54,703 events.views ERROR    Unsuccessful registration. Invalid information.
2022-07-15 16:05:20,324 django.utils.autoreload INFO     C:\Users\jason\OneDrive\Desktop\Final-Project4\EventBookings\events\views.py changed, reloading.
2022-07-15 16:05:21,064 django.utils.autoreload INFO     Watching for file changes with StatReloader
2022-07-15 16:06:20,856 events.views INFO     Loading login.html
2022-07-15 16:06:20,856 events.views INFO     Received POST request: <QueryDict: {'csrfmiddlewaretoken': ['xlikvgDYMRLUjHe6U1areUoYgbHR8aLqR22VDaFElTJgBuGyQkDDajJquSwZl5ch'], 'username': ['afd'], 'password': ['ads']}>
2022-07-15 16:06:21,052 events.views ERROR    Unsuccessful registration. Invalid information.
2022-07-15 16:06:30,031 events.views INFO     Loading login.html
2022-07-15 16:06:30,032 events.views INFO     Received POST request: <QueryDict: {'csrfmiddlewaretoken': ['EhVJjECqXrU6cOiQoZjPfgVnKf8juhR4YYFkryE6wtSsuBKikiM1bFgPYWXrHciV'], 'username': ['asdf'], 'password': ['asdf']}>
2022-07-15 16:06:30,217 events.views ERROR    Unsuccessful registration. Invalid information.
2022-07-15 16:06:37,112 django.security.csrf WARNING  Forbidden (CSRF cookie not set.): /events/login/
2022-07-15 16:06:44,225 events.views INFO     Loading login.html
2022-07-15 16:06:47,392 events.views INFO     Loading login.html
2022-07-15 16:06:47,393 events.views INFO     Received POST request: <QueryDict: {'csrfmiddlewaretoken': ['JX6hmymdauLEZHLyaj7mKmf7LBczdydNGHv7YKJxVwr1bMugB5A7bGUrLzTMR2UG'], 'username': ['asd'], 'password': ['adsf']}>
2022-07-15 16:06:47,603 events.views ERROR    Unsuccessful registration. Invalid information.
2022-07-15 16:07:27,936 events.views INFO     Loading login.html
2022-07-15 16:07:27,937 events.views INFO     Received POST request: <QueryDict: {'csrfmiddlewaretoken': ['JX6hmymdauLEZHLyaj7mKmf7LBczdydNGHv7YKJxVwr1bMugB5A7bGUrLzTMR2UG'], 'username': ['asd'], 'password': ['adsf']}>
2022-07-15 16:07:28,154 events.views ERROR    Unsuccessful registration. Invalid information.
2022-07-15 16:07:31,470 events.views INFO     Loading login.html
2022-07-15 16:07:31,471 events.views INFO     Received POST request: <QueryDict: {'csrfmiddlewaretoken': ['QBplHRaPkZsK8vJV60fj4orr5hPeLfAKNlObj3x95187kAsDxMI4vI6L5fwrpJhD'], 'username': ['adsf'], 'password': ['asdf']}>
2022-07-15 16:07:31,657 events.views ERROR    Unsuccessful registration. Invalid information.
2022-07-15 16:07:40,173 events.views INFO     Loading login.html
2022-07-15 16:07:43,174 events.views INFO     Loading login.html
2022-07-15 16:07:43,174 events.views INFO     Received POST request: <QueryDict: {'csrfmiddlewaretoken': ['baM0njU7d7FFGPnibD39ENFkC06uQi1I8UbQZvhrY9l2SU60CpwU57kECYNHuMIB'], 'username': ['asd'], 'password': ['as']}>
2022-07-15 16:07:43,378 events.views ERROR    Unsuccessful registration. Invalid information.
2022-07-15 16:09:07,649 events.views INFO     Loading login.html
2022-07-15 16:09:07,650 events.views INFO     Received POST request: <QueryDict: {'csrfmiddlewaretoken': ['baM0njU7d7FFGPnibD39ENFkC06uQi1I8UbQZvhrY9l2SU60CpwU57kECYNHuMIB'], 'username': ['asd'], 'password': ['as']}>
2022-07-15 16:09:07,883 events.views ERROR    Unsuccessful registration. Invalid information.
2022-07-15 16:09:18,697 events.views INFO     Loading login.html
2022-07-15 16:09:18,698 events.views INFO     Received POST request: <QueryDict: {'csrfmiddlewaretoken': ['NXLo0b0MKLsHdt8KeKdcjTN2W9sq8tYvKHaeCnn6vN84pyRsFwGXKdsmW79DMXFo'], 'username': ['jason'], 'password': ['Jason_2002']}>
2022-07-15 16:09:18,913 events.views INFO     Login successful
2022-07-15 16:09:18,913 events.views INFO     Redirecting to profile page
2022-07-15 16:13:15,230 django.utils.autoreload INFO     Watching for file changes with StatReloader
2022-07-15 16:13:23,751 events.views INFO     Logout initiated
2022-07-15 16:13:23,768 events.views INFO     Logged out succesfully
2022-07-15 16:13:23,770 events.views INFO     Redirecting to main page
2022-07-15 16:13:35,704 events.views INFO     Loading login.html
2022-07-15 16:13:46,480 events.views INFO     Loading login.html
2022-07-15 16:13:46,481 events.views INFO     Received POST request: <QueryDict: {'csrfmiddlewaretoken': ['fF9BuQcrmUFEyd938QbXaTXrJRbhtx22RzfuzwtpgHieOnYbTeFhwWlLqV23DnWW'], 'username': ['Spiros123'], 'password': ['Jason_2002']}>
2022-07-15 16:13:46,711 events.views INFO     Login successful
2022-07-15 16:13:46,711 events.views INFO     Redirecting to profile page
